<?xml version="1.0" encoding="UTF-8"?>
<testsuite xmlns:xsi="http://www.w3.org/2001/XMLSchema-instance" xsi:noNamespaceSchemaLocation="https://maven.apache.org/surefire/maven-surefire-plugin/xsd/surefire-test-report-3.0.xsd" version="3.0" name="conexa.challenge.controller.PeopleControllerTest" time="0.781" tests="3" errors="0" skipped="0" failures="0">
  <properties>
[...]
</properties>
  <testcase name="testGetPeopleById" classname="conexa.challenge.controller.PeopleControllerTest" time="0.0">
    <system-out><![CDATA[2024-07-08 18:16:27.139  INFO 16204 --- [           main] .b.t.c.SpringBootTestContextBootstrapper : Neither @ContextConfiguration nor @ContextHierarchy found for test class [conexa.challenge.controller.PeopleControllerTest], using SpringBootContextLoader
2024-07-08 18:16:27.139  INFO 16204 --- [           main] o.s.t.c.support.AbstractContextLoader    : Could not detect default resource locations for test class [conexa.challenge.controller.PeopleControllerTest]: no resource found for suffixes {-context.xml, Context.groovy}.
2024-07-08 18:16:27.139  INFO 16204 --- [           main] t.c.s.AnnotationConfigContextLoaderUtils : Could not detect default configuration classes for test class [conexa.challenge.controller.PeopleControllerTest]: PeopleControllerTest does not declare any static, non-private, non-final, nested classes annotated with @Configuration.
2024-07-08 18:16:27.139  INFO 16204 --- [           main] .b.t.c.SpringBootTestContextBootstrapper : Found @SpringBootConfiguration conexa.challenge.Java8StarwarsApiApplication for test class conexa.challenge.controller.PeopleControllerTest
2024-07-08 18:16:27.139  INFO 16204 --- [           main] .b.t.c.SpringBootTestContextBootstrapper : Loaded default TestExecutionListener class names from location [META-INF/spring.factories]: [org.springframework.boot.test.mock.mockito.MockitoTestExecutionListener, org.springframework.boot.test.mock.mockito.ResetMocksTestExecutionListener, org.springframework.boot.test.autoconfigure.restdocs.RestDocsTestExecutionListener, org.springframework.boot.test.autoconfigure.web.client.MockRestServiceServerResetTestExecutionListener, org.springframework.boot.test.autoconfigure.web.servlet.MockMvcPrintOnlyOnFailureTestExecutionListener, org.springframework.boot.test.autoconfigure.web.servlet.WebDriverTestExecutionListener, org.springframework.boot.test.autoconfigure.webservices.client.MockWebServiceServerTestExecutionListener, org.springframework.test.context.web.ServletTestExecutionListener, org.springframework.test.context.support.DirtiesContextBeforeModesTestExecutionListener, org.springframework.test.context.event.ApplicationEventsTestExecutionListener, org.springframework.test.context.support.DependencyInjectionTestExecutionListener, org.springframework.test.context.support.DirtiesContextTestExecutionListener, org.springframework.test.context.transaction.TransactionalTestExecutionListener, org.springframework.test.context.jdbc.SqlScriptsTestExecutionListener, org.springframework.test.context.event.EventPublishingTestExecutionListener, org.springframework.security.test.context.support.WithSecurityContextTestExecutionListener, org.springframework.security.test.context.support.ReactorContextTestExecutionListener]
2024-07-08 18:16:27.139  INFO 16204 --- [           main] .b.t.c.SpringBootTestContextBootstrapper : Using TestExecutionListeners: [org.springframework.test.context.web.ServletTestExecutionListener@c262f2f, org.springframework.test.context.support.DirtiesContextBeforeModesTestExecutionListener@5563bb40, org.springframework.test.context.event.ApplicationEventsTestExecutionListener@11148dc2, org.springframework.boot.test.mock.mockito.MockitoTestExecutionListener@3be80ece, org.springframework.boot.test.autoconfigure.SpringBootDependencyInjectionTestExecutionListener@60a01cb, org.springframework.test.context.support.DirtiesContextTestExecutionListener@4efb13f1, org.springframework.test.context.event.EventPublishingTestExecutionListener@7bb4ed71, org.springframework.security.test.context.support.WithSecurityContextTestExecutionListener@5112b7, org.springframework.security.test.context.support.ReactorContextTestExecutionListener@56835f2f, org.springframework.boot.test.mock.mockito.ResetMocksTestExecutionListener@40f1aa95, org.springframework.boot.test.autoconfigure.restdocs.RestDocsTestExecutionListener@1c72189f, org.springframework.boot.test.autoconfigure.web.client.MockRestServiceServerResetTestExecutionListener@14be750c, org.springframework.boot.test.autoconfigure.web.servlet.MockMvcPrintOnlyOnFailureTestExecutionListener@58882a93, org.springframework.boot.test.autoconfigure.web.servlet.WebDriverTestExecutionListener@15e08615, org.springframework.boot.test.autoconfigure.webservices.client.MockWebServiceServerTestExecutionListener@19dac2d6]

  .   ____          _            __ _ _
 /\\ / ___'_ __ _ _(_)_ __  __ _ \ \ \ \
( ( )\___ | '_ | '_| | '_ \/ _` | \ \ \ \
 \\/  ___)| |_)| | | | | || (_| |  ) ) ) )
  '  |____| .__|_| |_|_| |_\__, | / / / /
 =========|_|==============|___/=/_/_/_/
 :: Spring Boot ::               (v2.6.13)

2024-07-08 18:16:27.154  INFO 16204 --- [           main] c.c.controller.PeopleControllerTest      : Starting PeopleControllerTest using Java 1.8.0_412 on AgustinPC with PID 16204 (started by Agustin in E:\Tuto\challenge\SWAPI-ConexaChallenge)
2024-07-08 18:16:27.154  INFO 16204 --- [           main] c.c.controller.PeopleControllerTest      : No active profile set, falling back to 1 default profile: "default"
2024-07-08 18:16:27.607  WARN 16204 --- [           main] .s.s.UserDetailsServiceAutoConfiguration : 

Using generated security password: 23ea63d0-9406-429d-85cf-ea5a4197d3d2

This generated password is for development use only. Your security configuration must be updated before running your application in production.

2024-07-08 18:16:27.654  INFO 16204 --- [           main] o.s.s.web.DefaultSecurityFilterChain     : Will secure any request with [org.springframework.security.web.context.request.async.WebAsyncManagerIntegrationFilter@6b030101, org.springframework.security.web.context.SecurityContextPersistenceFilter@208e5b23, org.springframework.security.web.header.HeaderWriterFilter@23c05889, org.springframework.security.web.authentication.logout.LogoutFilter@794d28a3, security.JWTAuthorizationFilter@60a4e619, org.springframework.security.web.savedrequest.RequestCacheAwareFilter@2bcb1414, org.springframework.security.web.servletapi.SecurityContextHolderAwareRequestFilter@aee05f4, org.springframework.security.web.authentication.AnonymousAuthenticationFilter@2bb3f39e, org.springframework.security.web.session.SessionManagementFilter@12166229, org.springframework.security.web.access.ExceptionTranslationFilter@33a71d23, org.springframework.security.web.access.intercept.FilterSecurityInterceptor@429f0ca8]
2024-07-08 18:16:27.795  INFO 16204 --- [           main] o.s.b.t.m.w.SpringBootMockServletContext : Initializing Spring TestDispatcherServlet ''
2024-07-08 18:16:27.795  INFO 16204 --- [           main] o.s.t.web.servlet.TestDispatcherServlet  : Initializing Servlet ''
2024-07-08 18:16:27.795  INFO 16204 --- [           main] o.s.t.web.servlet.TestDispatcherServlet  : Completed initialization in 0 ms
2024-07-08 18:16:27.889  INFO 16204 --- [           main] c.c.controller.PeopleControllerTest      : Started PeopleControllerTest in 0.749 seconds (JVM running for 4.202)

MockHttpServletRequest:
      HTTP Method = GET
      Request URI = /api/v1/people/id/1
       Parameters = {}
          Headers = [Content-Type:"application/json"]
             Body = <no character encoding set>
    Session Attrs = {}

Handler:
             Type = conexa.challenge.controller.PeopleController
           Method = conexa.challenge.controller.PeopleController#getPeopleById(int)

Async:
    Async started = false
     Async result = null

Resolved Exception:
             Type = null

ModelAndView:
        View name = null
             View = null
            Model = null

FlashMap:
       Attributes = null

MockHttpServletResponse:
           Status = 200
    Error message = null
          Headers = [Content-Type:"application/json"]
     Content type = application/json
             Body = {"name":"Person1","birthYear":"2000","eyeColor":"blue","gender":"male","hairColor":"blonde","height":"180","mass":"75","skinColor":"fair","homeworld":"Earth","url":"/people/1","created":"2020-01-01","edited":"2020-01-01"}
    Forwarded URL = null
   Redirected URL = null
          Cookies = []
]]></system-out>
  </testcase>
  <testcase name="testGetAllPeople" classname="conexa.challenge.controller.PeopleControllerTest" time="0.0">
    <system-out><![CDATA[
MockHttpServletRequest:
      HTTP Method = GET
      Request URI = /api/v1/people
       Parameters = {page=[1], size=[10]}
          Headers = [Content-Type:"application/json"]
             Body = <no character encoding set>
    Session Attrs = {}

Handler:
             Type = conexa.challenge.controller.PeopleController
           Method = conexa.challenge.controller.PeopleController#getAllPeople(Integer, Integer)

Async:
    Async started = false
     Async result = null

Resolved Exception:
             Type = null

ModelAndView:
        View name = null
             View = null
            Model = null

FlashMap:
       Attributes = null

MockHttpServletResponse:
           Status = 200
    Error message = null
          Headers = [Content-Type:"application/json"]
     Content type = application/json
             Body = {"totalRecords":2,"totalPages":1,"previous":null,"next":null,"commonListResult":[{"uid":1,"name":"Person1","url":"/people/1"},{"uid":2,"name":"Person2","url":"/people/2"}]}
    Forwarded URL = null
   Redirected URL = null
          Cookies = []
]]></system-out>
  </testcase>
  <testcase name="testGetPeopleByName" classname="conexa.challenge.controller.PeopleControllerTest" time="0.016">
    <system-out><![CDATA[
MockHttpServletRequest:
      HTTP Method = GET
      Request URI = /api/v1/people/name/Person1
       Parameters = {}
          Headers = [Content-Type:"application/json"]
             Body = <no character encoding set>
    Session Attrs = {}

Handler:
             Type = conexa.challenge.controller.PeopleController
           Method = conexa.challenge.controller.PeopleController#getPeopleByName(String)

Async:
    Async started = false
     Async result = null

Resolved Exception:
             Type = null

ModelAndView:
        View name = null
             View = null
            Model = null

FlashMap:
       Attributes = null

MockHttpServletResponse:
           Status = 200
    Error message = null
          Headers = [Content-Type:"application/json"]
     Content type = application/json
             Body = {"name":"Person1","birthYear":"2000","eyeColor":"blue","gender":"male","hairColor":"blonde","height":"180","mass":"75","skinColor":"fair","homeworld":"Earth","url":"/people/1","created":"2020-01-01","edited":"2020-01-01"}
    Forwarded URL = null
   Redirected URL = null
          Cookies = []
]]></system-out>
  </testcase>
</testsuite>