<?xml version="1.0" encoding="UTF-8"?>
<testsuite xmlns:xsi="http://www.w3.org/2001/XMLSchema-instance" xsi:noNamespaceSchemaLocation="https://maven.apache.org/surefire/maven-surefire-plugin/xsd/surefire-test-report-3.0.xsd" version="3.0" name="conexa.challenge.services.PeopleServiceTest" time="0.016" tests="3" errors="0" skipped="0" failures="0">
  <properties>
[...]
</properties>
  <testcase name="getPeople" classname="conexa.challenge.services.PeopleServiceTest" time="0.0">
    <system-out><![CDATA[2024-07-08 18:16:31.129  INFO 16204 --- [           main] .b.t.c.SpringBootTestContextBootstrapper : Neither @ContextConfiguration nor @ContextHierarchy found for test class [conexa.challenge.services.PeopleServiceTest], using SpringBootContextLoader
2024-07-08 18:16:31.129  INFO 16204 --- [           main] o.s.t.c.support.AbstractContextLoader    : Could not detect default resource locations for test class [conexa.challenge.services.PeopleServiceTest]: no resource found for suffixes {-context.xml, Context.groovy}.
2024-07-08 18:16:31.129  INFO 16204 --- [           main] t.c.s.AnnotationConfigContextLoaderUtils : Could not detect default configuration classes for test class [conexa.challenge.services.PeopleServiceTest]: PeopleServiceTest does not declare any static, non-private, non-final, nested classes annotated with @Configuration.
2024-07-08 18:16:31.129  INFO 16204 --- [           main] .b.t.c.SpringBootTestContextBootstrapper : Found @SpringBootConfiguration conexa.challenge.Java8StarwarsApiApplication for test class conexa.challenge.services.PeopleServiceTest
2024-07-08 18:16:31.129  INFO 16204 --- [           main] .b.t.c.SpringBootTestContextBootstrapper : Loaded default TestExecutionListener class names from location [META-INF/spring.factories]: [org.springframework.boot.test.mock.mockito.MockitoTestExecutionListener, org.springframework.boot.test.mock.mockito.ResetMocksTestExecutionListener, org.springframework.boot.test.autoconfigure.restdocs.RestDocsTestExecutionListener, org.springframework.boot.test.autoconfigure.web.client.MockRestServiceServerResetTestExecutionListener, org.springframework.boot.test.autoconfigure.web.servlet.MockMvcPrintOnlyOnFailureTestExecutionListener, org.springframework.boot.test.autoconfigure.web.servlet.WebDriverTestExecutionListener, org.springframework.boot.test.autoconfigure.webservices.client.MockWebServiceServerTestExecutionListener, org.springframework.test.context.web.ServletTestExecutionListener, org.springframework.test.context.support.DirtiesContextBeforeModesTestExecutionListener, org.springframework.test.context.event.ApplicationEventsTestExecutionListener, org.springframework.test.context.support.DependencyInjectionTestExecutionListener, org.springframework.test.context.support.DirtiesContextTestExecutionListener, org.springframework.test.context.transaction.TransactionalTestExecutionListener, org.springframework.test.context.jdbc.SqlScriptsTestExecutionListener, org.springframework.test.context.event.EventPublishingTestExecutionListener, org.springframework.security.test.context.support.WithSecurityContextTestExecutionListener, org.springframework.security.test.context.support.ReactorContextTestExecutionListener]
2024-07-08 18:16:31.129  INFO 16204 --- [           main] .b.t.c.SpringBootTestContextBootstrapper : Using TestExecutionListeners: [org.springframework.test.context.web.ServletTestExecutionListener@643fed50, org.springframework.test.context.support.DirtiesContextBeforeModesTestExecutionListener@65b07b9, org.springframework.test.context.event.ApplicationEventsTestExecutionListener@7dbe858f, org.springframework.boot.test.mock.mockito.MockitoTestExecutionListener@387ef6a7, org.springframework.boot.test.autoconfigure.SpringBootDependencyInjectionTestExecutionListener@2330c995, org.springframework.test.context.support.DirtiesContextTestExecutionListener@7d086485, org.springframework.test.context.event.EventPublishingTestExecutionListener@74130456, org.springframework.security.test.context.support.WithSecurityContextTestExecutionListener@3b171fbd, org.springframework.security.test.context.support.ReactorContextTestExecutionListener@1ece052b, org.springframework.boot.test.mock.mockito.ResetMocksTestExecutionListener@20dc763b, org.springframework.boot.test.autoconfigure.restdocs.RestDocsTestExecutionListener@4c81e7c2, org.springframework.boot.test.autoconfigure.web.client.MockRestServiceServerResetTestExecutionListener@4fe8e318, org.springframework.boot.test.autoconfigure.web.servlet.MockMvcPrintOnlyOnFailureTestExecutionListener@21e15093, org.springframework.boot.test.autoconfigure.web.servlet.WebDriverTestExecutionListener@62cf873a, org.springframework.boot.test.autoconfigure.webservices.client.MockWebServiceServerTestExecutionListener@21b3d356]
]]></system-out>
  </testcase>
  <testcase name="getPeopleById" classname="conexa.challenge.services.PeopleServiceTest" time="0.0"/>
  <testcase name="getPeopleByName" classname="conexa.challenge.services.PeopleServiceTest" time="0.016"/>
</testsuite>