<?xml version="1.0" encoding="UTF-8"?>
<testsuite xmlns:xsi="http://www.w3.org/2001/XMLSchema-instance" xsi:noNamespaceSchemaLocation="https://maven.apache.org/surefire/maven-surefire-plugin/xsd/surefire-test-report-3.0.xsd" version="3.0" name="conexa.challenge.Java8StarwarsApiApplicationTests" time="3.387" tests="1" errors="0" skipped="0" failures="0">
  <properties>
[...]
</properties>
  <testcase name="contextLoads" classname="conexa.challenge.Java8StarwarsApiApplicationTests" time="0.064">
    <system-out><![CDATA[14:36:31.614 [main] DEBUG org.springframework.test.context.BootstrapUtils - Instantiating CacheAwareContextLoaderDelegate from class [org.springframework.test.context.cache.DefaultCacheAwareContextLoaderDelegate]
14:36:31.623 [main] DEBUG org.springframework.test.context.BootstrapUtils - Instantiating BootstrapContext using constructor [public org.springframework.test.context.support.DefaultBootstrapContext(java.lang.Class,org.springframework.test.context.CacheAwareContextLoaderDelegate)]
14:36:31.650 [main] DEBUG org.springframework.test.context.BootstrapUtils - Instantiating TestContextBootstrapper for test class [conexa.challenge.Java8StarwarsApiApplicationTests] from class [org.springframework.boot.test.context.SpringBootTestContextBootstrapper]
14:36:31.660 [main] INFO org.springframework.boot.test.context.SpringBootTestContextBootstrapper - Neither @ContextConfiguration nor @ContextHierarchy found for test class [conexa.challenge.Java8StarwarsApiApplicationTests], using SpringBootContextLoader
14:36:31.663 [main] DEBUG org.springframework.test.context.support.AbstractContextLoader - Did not detect default resource location for test class [conexa.challenge.Java8StarwarsApiApplicationTests]: class path resource [conexa/challenge/Java8StarwarsApiApplicationTests-context.xml] does not exist
14:36:31.663 [main] DEBUG org.springframework.test.context.support.AbstractContextLoader - Did not detect default resource location for test class [conexa.challenge.Java8StarwarsApiApplicationTests]: class path resource [conexa/challenge/Java8StarwarsApiApplicationTestsContext.groovy] does not exist
14:36:31.663 [main] INFO org.springframework.test.context.support.AbstractContextLoader - Could not detect default resource locations for test class [conexa.challenge.Java8StarwarsApiApplicationTests]: no resource found for suffixes {-context.xml, Context.groovy}.
14:36:31.664 [main] INFO org.springframework.test.context.support.AnnotationConfigContextLoaderUtils - Could not detect default configuration classes for test class [conexa.challenge.Java8StarwarsApiApplicationTests]: Java8StarwarsApiApplicationTests does not declare any static, non-private, non-final, nested classes annotated with @Configuration.
14:36:31.697 [main] DEBUG org.springframework.test.context.support.ActiveProfilesUtils - Could not find an 'annotation declaring class' for annotation type [org.springframework.test.context.ActiveProfiles] and class [conexa.challenge.Java8StarwarsApiApplicationTests]
14:36:31.756 [main] DEBUG org.springframework.context.annotation.ClassPathScanningCandidateComponentProvider - Identified candidate component class: file [C:\Users\Agustin\Desktop\challenge\SWAPI-ConexaChallenge\target\classes\conexa\challenge\Java8StarwarsApiApplication.class]
14:36:31.757 [main] INFO org.springframework.boot.test.context.SpringBootTestContextBootstrapper - Found @SpringBootConfiguration conexa.challenge.Java8StarwarsApiApplication for test class conexa.challenge.Java8StarwarsApiApplicationTests
14:36:31.848 [main] DEBUG org.springframework.boot.test.context.SpringBootTestContextBootstrapper - @TestExecutionListeners is not present for class [conexa.challenge.Java8StarwarsApiApplicationTests]: using defaults.
14:36:31.849 [main] INFO org.springframework.boot.test.context.SpringBootTestContextBootstrapper - Loaded default TestExecutionListener class names from location [META-INF/spring.factories]: [org.springframework.boot.test.mock.mockito.MockitoTestExecutionListener, org.springframework.boot.test.mock.mockito.ResetMocksTestExecutionListener, org.springframework.boot.test.autoconfigure.restdocs.RestDocsTestExecutionListener, org.springframework.boot.test.autoconfigure.web.client.MockRestServiceServerResetTestExecutionListener, org.springframework.boot.test.autoconfigure.web.servlet.MockMvcPrintOnlyOnFailureTestExecutionListener, org.springframework.boot.test.autoconfigure.web.servlet.WebDriverTestExecutionListener, org.springframework.boot.test.autoconfigure.webservices.client.MockWebServiceServerTestExecutionListener, org.springframework.test.context.web.ServletTestExecutionListener, org.springframework.test.context.support.DirtiesContextBeforeModesTestExecutionListener, org.springframework.test.context.event.ApplicationEventsTestExecutionListener, org.springframework.test.context.support.DependencyInjectionTestExecutionListener, org.springframework.test.context.support.DirtiesContextTestExecutionListener, org.springframework.test.context.transaction.TransactionalTestExecutionListener, org.springframework.test.context.jdbc.SqlScriptsTestExecutionListener, org.springframework.test.context.event.EventPublishingTestExecutionListener, org.springframework.security.test.context.support.WithSecurityContextTestExecutionListener, org.springframework.security.test.context.support.ReactorContextTestExecutionListener]
14:36:31.867 [main] INFO org.springframework.boot.test.context.SpringBootTestContextBootstrapper - Using TestExecutionListeners: [org.springframework.test.context.web.ServletTestExecutionListener@4470fbd6, org.springframework.test.context.support.DirtiesContextBeforeModesTestExecutionListener@15d49048, org.springframework.test.context.event.ApplicationEventsTestExecutionListener@7098b907, org.springframework.boot.test.mock.mockito.MockitoTestExecutionListener@503f91c3, org.springframework.boot.test.autoconfigure.SpringBootDependencyInjectionTestExecutionListener@13526e59, org.springframework.test.context.support.DirtiesContextTestExecutionListener@2235eaab, org.springframework.test.context.transaction.TransactionalTestExecutionListener@17503f6b, org.springframework.test.context.jdbc.SqlScriptsTestExecutionListener@3bcd05cb, org.springframework.test.context.event.EventPublishingTestExecutionListener@3b6d844d, org.springframework.security.test.context.support.WithSecurityContextTestExecutionListener@36804139, org.springframework.security.test.context.support.ReactorContextTestExecutionListener@20bd8be5, org.springframework.boot.test.mock.mockito.ResetMocksTestExecutionListener@730d2164, org.springframework.boot.test.autoconfigure.restdocs.RestDocsTestExecutionListener@24959ca4, org.springframework.boot.test.autoconfigure.web.client.MockRestServiceServerResetTestExecutionListener@10289886, org.springframework.boot.test.autoconfigure.web.servlet.MockMvcPrintOnlyOnFailureTestExecutionListener@5c86dbc5, org.springframework.boot.test.autoconfigure.web.servlet.WebDriverTestExecutionListener@461ad730, org.springframework.boot.test.autoconfigure.webservices.client.MockWebServiceServerTestExecutionListener@4ee203eb]
14:36:31.871 [main] DEBUG org.springframework.test.context.support.AbstractDirtiesContextTestExecutionListener - Before test class: context [DefaultTestContext@7f2cfe3f testClass = Java8StarwarsApiApplicationTests, testInstance = [null], testMethod = [null], testException = [null], mergedContextConfiguration = [WebMergedContextConfiguration@1a5b6f42 testClass = Java8StarwarsApiApplicationTests, locations = '{}', classes = '{class conexa.challenge.Java8StarwarsApiApplication}', contextInitializerClasses = '[]', activeProfiles = '{}', propertySourceLocations = '{}', propertySourceProperties = '{org.springframework.boot.test.context.SpringBootTestContextBootstrapper=true}', contextCustomizers = set[org.springframework.boot.test.context.filter.ExcludeFilterContextCustomizer@217ed35e, org.springframework.boot.test.json.DuplicateJsonObjectContextCustomizerFactory$DuplicateJsonObjectContextCustomizer@31190526, org.springframework.boot.test.mock.mockito.MockitoContextCustomizer@0, org.springframework.boot.test.web.client.TestRestTemplateContextCustomizer@4d1c00d0, org.springframework.boot.test.autoconfigure.actuate.metrics.MetricsExportContextCustomizerFactory$DisableMetricExportContextCustomizer@40005471, org.springframework.boot.test.autoconfigure.properties.PropertyMappingContextCustomizer@0, org.springframework.boot.test.autoconfigure.web.servlet.WebDriverContextCustomizerFactory$Customizer@4c178a76, org.springframework.boot.test.context.SpringBootTestArgs@1, org.springframework.boot.test.context.SpringBootTestWebEnvironment@6e0e048a], resourceBasePath = 'src/main/webapp', contextLoader = 'org.springframework.boot.test.context.SpringBootContextLoader', parent = [null]], attributes = map['org.springframework.test.context.web.ServletTestExecutionListener.activateListener' -> true]], class annotated with @DirtiesContext [false] with mode [null].

  .   ____          _            __ _ _
 /\\ / ___'_ __ _ _(_)_ __  __ _ \ \ \ \
( ( )\___ | '_ | '_| | '_ \/ _` | \ \ \ \
 \\/  ___)| |_)| | | | | || (_| |  ) ) ) )
  '  |____| .__|_| |_|_| |_\__, | / / / /
 =========|_|==============|___/=/_/_/_/
 :: Spring Boot ::               (v2.6.13)

2024-07-03 14:36:32.092  INFO 21768 --- [           main] c.c.Java8StarwarsApiApplicationTests     : Starting Java8StarwarsApiApplicationTests using Java 1.8.0_412 on AgustinPC with PID 21768 (started by Agustin in C:\Users\Agustin\Desktop\challenge\SWAPI-ConexaChallenge)
2024-07-03 14:36:32.093  INFO 21768 --- [           main] c.c.Java8StarwarsApiApplicationTests     : No active profile set, falling back to 1 default profile: "default"
2024-07-03 14:36:32.623  INFO 21768 --- [           main] .s.d.r.c.RepositoryConfigurationDelegate : Bootstrapping Spring Data JPA repositories in DEFAULT mode.
2024-07-03 14:36:32.638  INFO 21768 --- [           main] .s.d.r.c.RepositoryConfigurationDelegate : Finished Spring Data repository scanning in 8 ms. Found 0 JPA repository interfaces.
2024-07-03 14:36:33.238  INFO 21768 --- [           main] com.zaxxer.hikari.HikariDataSource       : HikariPool-1 - Starting...
2024-07-03 14:36:33.411  INFO 21768 --- [           main] com.zaxxer.hikari.HikariDataSource       : HikariPool-1 - Start completed.
2024-07-03 14:36:33.467  INFO 21768 --- [           main] o.hibernate.jpa.internal.util.LogHelper  : HHH000204: Processing PersistenceUnitInfo [name: default]
2024-07-03 14:36:33.516  INFO 21768 --- [           main] org.hibernate.Version                    : HHH000412: Hibernate ORM core version 5.6.12.Final
2024-07-03 14:36:33.663  INFO 21768 --- [           main] o.hibernate.annotations.common.Version   : HCANN000001: Hibernate Commons Annotations {5.1.2.Final}
2024-07-03 14:36:33.782  INFO 21768 --- [           main] org.hibernate.dialect.Dialect            : HHH000400: Using dialect: org.hibernate.dialect.H2Dialect
2024-07-03 14:36:33.986  INFO 21768 --- [           main] o.h.e.t.j.p.i.JtaPlatformInitiator       : HHH000490: Using JtaPlatform implementation: [org.hibernate.engine.transaction.jta.platform.internal.NoJtaPlatform]
2024-07-03 14:36:33.994  INFO 21768 --- [           main] j.LocalContainerEntityManagerFactoryBean : Initialized JPA EntityManagerFactory for persistence unit 'default'
2024-07-03 14:36:34.097  WARN 21768 --- [           main] JpaBaseConfiguration$JpaWebConfiguration : spring.jpa.open-in-view is enabled by default. Therefore, database queries may be performed during view rendering. Explicitly configure spring.jpa.open-in-view to disable this warning
2024-07-03 14:36:34.136  WARN 21768 --- [           main] .s.s.UserDetailsServiceAutoConfiguration : 

Using generated security password: 3b6f729e-3d67-4a10-8864-f0a3ab5a8d4d

This generated password is for development use only. Your security configuration must be updated before running your application in production.

2024-07-03 14:36:34.271  INFO 21768 --- [           main] o.s.s.web.DefaultSecurityFilterChain     : Will secure any request with [org.springframework.security.web.context.request.async.WebAsyncManagerIntegrationFilter@f882465, org.springframework.security.web.context.SecurityContextPersistenceFilter@784d9bc, org.springframework.security.web.header.HeaderWriterFilter@209f3887, org.springframework.security.web.authentication.logout.LogoutFilter@280fafd, conexa.challenge.security.JWTAuthorizationFilter@72ecbcb3, org.springframework.security.web.savedrequest.RequestCacheAwareFilter@426131d7, org.springframework.security.web.servletapi.SecurityContextHolderAwareRequestFilter@58687fb7, org.springframework.security.web.authentication.AnonymousAuthenticationFilter@4a50c746, org.springframework.security.web.session.SessionManagementFilter@3830b06c, org.springframework.security.web.access.ExceptionTranslationFilter@357c9bd9, org.springframework.security.web.access.intercept.FilterSecurityInterceptor@7a84788f]
2024-07-03 14:36:34.870  INFO 21768 --- [           main] c.c.Java8StarwarsApiApplicationTests     : Started Java8StarwarsApiApplicationTests in 2.966 seconds (JVM running for 3.796)
]]></system-out>
  </testcase>
</testsuite>