<?xml version="1.0" encoding="UTF-8"?>
<testsuite xmlns:xsi="http://www.w3.org/2001/XMLSchema-instance" xsi:noNamespaceSchemaLocation="https://maven.apache.org/surefire/maven-surefire-plugin/xsd/surefire-test-report-3.0.xsd" version="3.0" name="conexa.challenge.controller.FilmControllerTest" time="2.984" tests="3" errors="0" skipped="0" failures="0">
  <properties>
[...]
</properties>
  <testcase name="testGetFilms" classname="conexa.challenge.controller.FilmControllerTest" time="0.125">
    <system-out><![CDATA[18:16:24.185 [main] DEBUG org.springframework.test.context.BootstrapUtils - Instantiating CacheAwareContextLoaderDelegate from class [org.springframework.test.context.cache.DefaultCacheAwareContextLoaderDelegate]
18:16:24.201 [main] DEBUG org.springframework.test.context.BootstrapUtils - Instantiating BootstrapContext using constructor [public org.springframework.test.context.support.DefaultBootstrapContext(java.lang.Class,org.springframework.test.context.CacheAwareContextLoaderDelegate)]
18:16:24.217 [main] DEBUG org.springframework.test.context.BootstrapUtils - Instantiating TestContextBootstrapper for test class [conexa.challenge.controller.FilmControllerTest] from class [org.springframework.boot.test.context.SpringBootTestContextBootstrapper]
18:16:24.232 [main] INFO org.springframework.boot.test.context.SpringBootTestContextBootstrapper - Neither @ContextConfiguration nor @ContextHierarchy found for test class [conexa.challenge.controller.FilmControllerTest], using SpringBootContextLoader
18:16:24.232 [main] DEBUG org.springframework.test.context.support.AbstractContextLoader - Did not detect default resource location for test class [conexa.challenge.controller.FilmControllerTest]: class path resource [conexa/challenge/controller/FilmControllerTest-context.xml] does not exist
18:16:24.232 [main] DEBUG org.springframework.test.context.support.AbstractContextLoader - Did not detect default resource location for test class [conexa.challenge.controller.FilmControllerTest]: class path resource [conexa/challenge/controller/FilmControllerTestContext.groovy] does not exist
18:16:24.232 [main] INFO org.springframework.test.context.support.AbstractContextLoader - Could not detect default resource locations for test class [conexa.challenge.controller.FilmControllerTest]: no resource found for suffixes {-context.xml, Context.groovy}.
18:16:24.232 [main] INFO org.springframework.test.context.support.AnnotationConfigContextLoaderUtils - Could not detect default configuration classes for test class [conexa.challenge.controller.FilmControllerTest]: FilmControllerTest does not declare any static, non-private, non-final, nested classes annotated with @Configuration.
18:16:24.264 [main] DEBUG org.springframework.test.context.support.ActiveProfilesUtils - Could not find an 'annotation declaring class' for annotation type [org.springframework.test.context.ActiveProfiles] and class [conexa.challenge.controller.FilmControllerTest]
18:16:24.342 [main] DEBUG org.springframework.context.annotation.ClassPathScanningCandidateComponentProvider - Identified candidate component class: file [E:\Tuto\challenge\SWAPI-ConexaChallenge\target\classes\conexa\challenge\Java8StarwarsApiApplication.class]
18:16:24.342 [main] INFO org.springframework.boot.test.context.SpringBootTestContextBootstrapper - Found @SpringBootConfiguration conexa.challenge.Java8StarwarsApiApplication for test class conexa.challenge.controller.FilmControllerTest
18:16:24.404 [main] DEBUG org.springframework.boot.test.context.SpringBootTestContextBootstrapper - @TestExecutionListeners is not present for class [conexa.challenge.controller.FilmControllerTest]: using defaults.
18:16:24.404 [main] INFO org.springframework.boot.test.context.SpringBootTestContextBootstrapper - Loaded default TestExecutionListener class names from location [META-INF/spring.factories]: [org.springframework.boot.test.mock.mockito.MockitoTestExecutionListener, org.springframework.boot.test.mock.mockito.ResetMocksTestExecutionListener, org.springframework.boot.test.autoconfigure.restdocs.RestDocsTestExecutionListener, org.springframework.boot.test.autoconfigure.web.client.MockRestServiceServerResetTestExecutionListener, org.springframework.boot.test.autoconfigure.web.servlet.MockMvcPrintOnlyOnFailureTestExecutionListener, org.springframework.boot.test.autoconfigure.web.servlet.WebDriverTestExecutionListener, org.springframework.boot.test.autoconfigure.webservices.client.MockWebServiceServerTestExecutionListener, org.springframework.test.context.web.ServletTestExecutionListener, org.springframework.test.context.support.DirtiesContextBeforeModesTestExecutionListener, org.springframework.test.context.event.ApplicationEventsTestExecutionListener, org.springframework.test.context.support.DependencyInjectionTestExecutionListener, org.springframework.test.context.support.DirtiesContextTestExecutionListener, org.springframework.test.context.transaction.TransactionalTestExecutionListener, org.springframework.test.context.jdbc.SqlScriptsTestExecutionListener, org.springframework.test.context.event.EventPublishingTestExecutionListener, org.springframework.security.test.context.support.WithSecurityContextTestExecutionListener, org.springframework.security.test.context.support.ReactorContextTestExecutionListener]
18:16:24.420 [main] DEBUG org.springframework.boot.test.context.SpringBootTestContextBootstrapper - Skipping candidate TestExecutionListener [org.springframework.test.context.transaction.TransactionalTestExecutionListener] due to a missing dependency. Specify custom listener classes or make the default listener classes and their required dependencies available. Offending class: [org/springframework/transaction/interceptor/TransactionAttributeSource]
18:16:24.420 [main] DEBUG org.springframework.boot.test.context.SpringBootTestContextBootstrapper - Skipping candidate TestExecutionListener [org.springframework.test.context.jdbc.SqlScriptsTestExecutionListener] due to a missing dependency. Specify custom listener classes or make the default listener classes and their required dependencies available. Offending class: [org/springframework/transaction/interceptor/TransactionAttribute]
18:16:24.420 [main] INFO org.springframework.boot.test.context.SpringBootTestContextBootstrapper - Using TestExecutionListeners: [org.springframework.test.context.web.ServletTestExecutionListener@4f74980d, org.springframework.test.context.support.DirtiesContextBeforeModesTestExecutionListener@6c372fe6, org.springframework.test.context.event.ApplicationEventsTestExecutionListener@58594a11, org.springframework.boot.test.mock.mockito.MockitoTestExecutionListener@2a3888c1, org.springframework.boot.test.autoconfigure.SpringBootDependencyInjectionTestExecutionListener@4167d97b, org.springframework.test.context.support.DirtiesContextTestExecutionListener@14fa86ae, org.springframework.test.context.event.EventPublishingTestExecutionListener@6e15fe2, org.springframework.security.test.context.support.WithSecurityContextTestExecutionListener@68f1b17f, org.springframework.security.test.context.support.ReactorContextTestExecutionListener@1722011b, org.springframework.boot.test.mock.mockito.ResetMocksTestExecutionListener@57ad2aa7, org.springframework.boot.test.autoconfigure.restdocs.RestDocsTestExecutionListener@5b3f61ff, org.springframework.boot.test.autoconfigure.web.client.MockRestServiceServerResetTestExecutionListener@3e2059ae, org.springframework.boot.test.autoconfigure.web.servlet.MockMvcPrintOnlyOnFailureTestExecutionListener@398dada8, org.springframework.boot.test.autoconfigure.web.servlet.WebDriverTestExecutionListener@7cb502c, org.springframework.boot.test.autoconfigure.webservices.client.MockWebServiceServerTestExecutionListener@275bf9b3]
18:16:24.420 [main] DEBUG org.springframework.test.context.support.AbstractDirtiesContextTestExecutionListener - Before test class: context [DefaultTestContext@7ef27d7f testClass = FilmControllerTest, testInstance = [null], testMethod = [null], testException = [null], mergedContextConfiguration = [WebMergedContextConfiguration@490caf5f testClass = FilmControllerTest, locations = '{}', classes = '{class conexa.challenge.Java8StarwarsApiApplication}', contextInitializerClasses = '[]', activeProfiles = '{}', propertySourceLocations = '{}', propertySourceProperties = '{org.springframework.boot.test.context.SpringBootTestContextBootstrapper=true}', contextCustomizers = set[[ImportsContextCustomizer@6337c201 key = [org.springframework.boot.test.autoconfigure.web.servlet.MockMvcAutoConfiguration, org.springframework.boot.test.autoconfigure.web.servlet.MockMvcWebClientAutoConfiguration, org.springframework.boot.test.autoconfigure.web.servlet.MockMvcWebDriverAutoConfiguration, org.springframework.boot.autoconfigure.security.oauth2.client.servlet.OAuth2ClientAutoConfiguration, org.springframework.boot.autoconfigure.security.oauth2.resource.servlet.OAuth2ResourceServerAutoConfiguration, org.springframework.boot.autoconfigure.security.servlet.SecurityAutoConfiguration, org.springframework.boot.autoconfigure.security.servlet.SecurityFilterAutoConfiguration, org.springframework.boot.autoconfigure.security.servlet.UserDetailsServiceAutoConfiguration, org.springframework.boot.test.autoconfigure.web.servlet.MockMvcSecurityConfiguration, org.springframework.boot.test.autoconfigure.web.reactive.WebTestClientAutoConfiguration]], org.springframework.boot.test.context.filter.ExcludeFilterContextCustomizer@2e55dd0c, org.springframework.boot.test.json.DuplicateJsonObjectContextCustomizerFactory$DuplicateJsonObjectContextCustomizer@378542de, org.springframework.boot.test.mock.mockito.MockitoContextCustomizer@4fda7569, org.springframework.boot.test.web.client.TestRestTemplateContextCustomizer@15bbf42f, org.springframework.boot.test.autoconfigure.actuate.metrics.MetricsExportContextCustomizerFactory$DisableMetricExportContextCustomizer@50ad3bc1, org.springframework.boot.test.autoconfigure.properties.PropertyMappingContextCustomizer@4b3fa09d, org.springframework.boot.test.autoconfigure.web.servlet.WebDriverContextCustomizerFactory$Customizer@7ea9e1e2, org.springframework.boot.test.context.SpringBootTestArgs@1, org.springframework.boot.test.context.SpringBootTestWebEnvironment@1f554b06], resourceBasePath = 'src/main/webapp', contextLoader = 'org.springframework.boot.test.context.SpringBootContextLoader', parent = [null]], attributes = map['org.springframework.test.context.web.ServletTestExecutionListener.activateListener' -> true]], class annotated with @DirtiesContext [false] with mode [null].

  .   ____          _            __ _ _
 /\\ / ___'_ __ _ _(_)_ __  __ _ \ \ \ \
( ( )\___ | '_ | '_| | '_ \/ _` | \ \ \ \
 \\/  ___)| |_)| | | | | || (_| |  ) ) ) )
  '  |____| .__|_| |_|_| |_\__, | / / / /
 =========|_|==============|___/=/_/_/_/
 :: Spring Boot ::               (v2.6.13)

2024-07-08 18:16:24.654  INFO 16204 --- [           main] c.c.controller.FilmControllerTest        : Starting FilmControllerTest using Java 1.8.0_412 on AgustinPC with PID 16204 (started by Agustin in E:\Tuto\challenge\SWAPI-ConexaChallenge)
2024-07-08 18:16:24.654  INFO 16204 --- [           main] c.c.controller.FilmControllerTest        : No active profile set, falling back to 1 default profile: "default"
2024-07-08 18:16:26.248  WARN 16204 --- [           main] .s.s.UserDetailsServiceAutoConfiguration : 

Using generated security password: 0d813a4b-eba8-4f8d-b53f-4009d2713073

This generated password is for development use only. Your security configuration must be updated before running your application in production.

2024-07-08 18:16:26.342  INFO 16204 --- [           main] o.s.s.web.DefaultSecurityFilterChain     : Will secure any request with [org.springframework.security.web.context.request.async.WebAsyncManagerIntegrationFilter@6401188a, org.springframework.security.web.context.SecurityContextPersistenceFilter@42ed89da, org.springframework.security.web.header.HeaderWriterFilter@58dad04a, org.springframework.security.web.authentication.logout.LogoutFilter@5927f904, security.JWTAuthorizationFilter@33a8c9c9, org.springframework.security.web.savedrequest.RequestCacheAwareFilter@65c17e38, org.springframework.security.web.servletapi.SecurityContextHolderAwareRequestFilter@2a87ba34, org.springframework.security.web.authentication.AnonymousAuthenticationFilter@382dc417, org.springframework.security.web.session.SessionManagementFilter@55736cfe, org.springframework.security.web.access.ExceptionTranslationFilter@5d352de0, org.springframework.security.web.access.intercept.FilterSecurityInterceptor@53eba4b8]
2024-07-08 18:16:26.685  INFO 16204 --- [           main] o.s.b.t.m.w.SpringBootMockServletContext : Initializing Spring TestDispatcherServlet ''
2024-07-08 18:16:26.685  INFO 16204 --- [           main] o.s.t.web.servlet.TestDispatcherServlet  : Initializing Servlet ''
2024-07-08 18:16:26.685  INFO 16204 --- [           main] o.s.t.web.servlet.TestDispatcherServlet  : Completed initialization in 0 ms
2024-07-08 18:16:26.967  INFO 16204 --- [           main] c.c.controller.FilmControllerTest        : Started FilmControllerTest in 2.525 seconds (JVM running for 3.282)

MockHttpServletRequest:
      HTTP Method = GET
      Request URI = /api/v1/film
       Parameters = {}
          Headers = [Content-Type:"application/json"]
             Body = <no character encoding set>
    Session Attrs = {}

Handler:
             Type = conexa.challenge.controller.FilmController
           Method = conexa.challenge.controller.FilmController#getFilms()

Async:
    Async started = false
     Async result = null

Resolved Exception:
             Type = null

ModelAndView:
        View name = null
             View = null
            Model = null

FlashMap:
       Attributes = null

MockHttpServletResponse:
           Status = 200
    Error message = null
          Headers = [Content-Type:"application/json"]
     Content type = application/json
             Body = [{"title":"Film1","episodeId":null,"openingCrawl":null,"director":"Director1","producer":null,"releaseDate":null,"species":null,"starships":null,"vehicles":null,"characters":null,"planets":null,"url":null,"created":null,"edited":null},{"title":"Film2","episodeId":null,"openingCrawl":null,"director":"Director2","producer":null,"releaseDate":null,"species":null,"starships":null,"vehicles":null,"characters":null,"planets":null,"url":null,"created":null,"edited":null}]
    Forwarded URL = null
   Redirected URL = null
          Cookies = []
]]></system-out>
  </testcase>
  <testcase name="getFilmsById" classname="conexa.challenge.controller.FilmControllerTest" time="0.016"/>
  <testcase name="getFilmsByTitle" classname="conexa.challenge.controller.FilmControllerTest" time="0.0"/>
</testsuite>