<?xml version="1.0" encoding="UTF-8"?>
<testsuite xmlns:xsi="http://www.w3.org/2001/XMLSchema-instance" xsi:noNamespaceSchemaLocation="https://maven.apache.org/surefire/maven-surefire-plugin/xsd/surefire-test-report-3.0.xsd" version="3.0" name="conexa.challenge.Java8StarwarsApiApplicationTests" time="3.973" tests="1" errors="0" skipped="0" failures="0">
  <properties>
[...]
</properties>
  <testcase name="contextLoads" classname="conexa.challenge.Java8StarwarsApiApplicationTests" time="0.209">
    <system-out><![CDATA[15:25:32.989 [main] DEBUG org.springframework.test.context.BootstrapUtils - Instantiating CacheAwareContextLoaderDelegate from class [org.springframework.test.context.cache.DefaultCacheAwareContextLoaderDelegate]
15:25:32.997 [main] DEBUG org.springframework.test.context.BootstrapUtils - Instantiating BootstrapContext using constructor [public org.springframework.test.context.support.DefaultBootstrapContext(java.lang.Class,org.springframework.test.context.CacheAwareContextLoaderDelegate)]
15:25:33.022 [main] DEBUG org.springframework.test.context.BootstrapUtils - Instantiating TestContextBootstrapper for test class [conexa.challenge.Java8StarwarsApiApplicationTests] from class [org.springframework.boot.test.context.SpringBootTestContextBootstrapper]
15:25:33.030 [main] INFO org.springframework.boot.test.context.SpringBootTestContextBootstrapper - Neither @ContextConfiguration nor @ContextHierarchy found for test class [conexa.challenge.Java8StarwarsApiApplicationTests], using SpringBootContextLoader
15:25:33.033 [main] DEBUG org.springframework.test.context.support.AbstractContextLoader - Did not detect default resource location for test class [conexa.challenge.Java8StarwarsApiApplicationTests]: class path resource [conexa/challenge/Java8StarwarsApiApplicationTests-context.xml] does not exist
15:25:33.033 [main] DEBUG org.springframework.test.context.support.AbstractContextLoader - Did not detect default resource location for test class [conexa.challenge.Java8StarwarsApiApplicationTests]: class path resource [conexa/challenge/Java8StarwarsApiApplicationTestsContext.groovy] does not exist
15:25:33.033 [main] INFO org.springframework.test.context.support.AbstractContextLoader - Could not detect default resource locations for test class [conexa.challenge.Java8StarwarsApiApplicationTests]: no resource found for suffixes {-context.xml, Context.groovy}.
15:25:33.034 [main] INFO org.springframework.test.context.support.AnnotationConfigContextLoaderUtils - Could not detect default configuration classes for test class [conexa.challenge.Java8StarwarsApiApplicationTests]: Java8StarwarsApiApplicationTests does not declare any static, non-private, non-final, nested classes annotated with @Configuration.
15:25:33.069 [main] DEBUG org.springframework.test.context.support.ActiveProfilesUtils - Could not find an 'annotation declaring class' for annotation type [org.springframework.test.context.ActiveProfiles] and class [conexa.challenge.Java8StarwarsApiApplicationTests]
15:25:33.118 [main] DEBUG org.springframework.context.annotation.ClassPathScanningCandidateComponentProvider - Identified candidate component class: file [C:\Users\Agustin\Desktop\challenge\SWAPI-ConexaChallenge\target\classes\conexa\challenge\Java8StarwarsApiApplication.class]
15:25:33.119 [main] INFO org.springframework.boot.test.context.SpringBootTestContextBootstrapper - Found @SpringBootConfiguration conexa.challenge.Java8StarwarsApiApplication for test class conexa.challenge.Java8StarwarsApiApplicationTests
15:25:33.197 [main] DEBUG org.springframework.boot.test.context.SpringBootTestContextBootstrapper - @TestExecutionListeners is not present for class [conexa.challenge.Java8StarwarsApiApplicationTests]: using defaults.
15:25:33.198 [main] INFO org.springframework.boot.test.context.SpringBootTestContextBootstrapper - Loaded default TestExecutionListener class names from location [META-INF/spring.factories]: [org.springframework.boot.test.mock.mockito.MockitoTestExecutionListener, org.springframework.boot.test.mock.mockito.ResetMocksTestExecutionListener, org.springframework.boot.test.autoconfigure.restdocs.RestDocsTestExecutionListener, org.springframework.boot.test.autoconfigure.web.client.MockRestServiceServerResetTestExecutionListener, org.springframework.boot.test.autoconfigure.web.servlet.MockMvcPrintOnlyOnFailureTestExecutionListener, org.springframework.boot.test.autoconfigure.web.servlet.WebDriverTestExecutionListener, org.springframework.boot.test.autoconfigure.webservices.client.MockWebServiceServerTestExecutionListener, org.springframework.test.context.web.ServletTestExecutionListener, org.springframework.test.context.support.DirtiesContextBeforeModesTestExecutionListener, org.springframework.test.context.event.ApplicationEventsTestExecutionListener, org.springframework.test.context.support.DependencyInjectionTestExecutionListener, org.springframework.test.context.support.DirtiesContextTestExecutionListener, org.springframework.test.context.transaction.TransactionalTestExecutionListener, org.springframework.test.context.jdbc.SqlScriptsTestExecutionListener, org.springframework.test.context.event.EventPublishingTestExecutionListener, org.springframework.security.test.context.support.WithSecurityContextTestExecutionListener, org.springframework.security.test.context.support.ReactorContextTestExecutionListener]
15:25:33.213 [main] INFO org.springframework.boot.test.context.SpringBootTestContextBootstrapper - Using TestExecutionListeners: [org.springframework.test.context.web.ServletTestExecutionListener@5b40ceb, org.springframework.test.context.support.DirtiesContextBeforeModesTestExecutionListener@13c3c1e1, org.springframework.test.context.event.ApplicationEventsTestExecutionListener@1d8062d2, org.springframework.boot.test.mock.mockito.MockitoTestExecutionListener@1e63ec0b, org.springframework.boot.test.autoconfigure.SpringBootDependencyInjectionTestExecutionListener@3b956878, org.springframework.test.context.support.DirtiesContextTestExecutionListener@36546a22, org.springframework.test.context.transaction.TransactionalTestExecutionListener@285c08c8, org.springframework.test.context.jdbc.SqlScriptsTestExecutionListener@295eaa7c, org.springframework.test.context.event.EventPublishingTestExecutionListener@3918c187, org.springframework.security.test.context.support.WithSecurityContextTestExecutionListener@2c88b9fc, org.springframework.security.test.context.support.ReactorContextTestExecutionListener@64dafeed, org.springframework.boot.test.mock.mockito.ResetMocksTestExecutionListener@388ba540, org.springframework.boot.test.autoconfigure.restdocs.RestDocsTestExecutionListener@47605f2f, org.springframework.boot.test.autoconfigure.web.client.MockRestServiceServerResetTestExecutionListener@2ece4966, org.springframework.boot.test.autoconfigure.web.servlet.MockMvcPrintOnlyOnFailureTestExecutionListener@1dd0e7c4, org.springframework.boot.test.autoconfigure.web.servlet.WebDriverTestExecutionListener@7894f09b, org.springframework.boot.test.autoconfigure.webservices.client.MockWebServiceServerTestExecutionListener@3d484181]
15:25:33.216 [main] DEBUG org.springframework.test.context.support.AbstractDirtiesContextTestExecutionListener - Before test class: context [DefaultTestContext@652a7737 testClass = Java8StarwarsApiApplicationTests, testInstance = [null], testMethod = [null], testException = [null], mergedContextConfiguration = [WebMergedContextConfiguration@5b7ea70d testClass = Java8StarwarsApiApplicationTests, locations = '{}', classes = '{class conexa.challenge.Java8StarwarsApiApplication}', contextInitializerClasses = '[]', activeProfiles = '{}', propertySourceLocations = '{}', propertySourceProperties = '{org.springframework.boot.test.context.SpringBootTestContextBootstrapper=true}', contextCustomizers = set[org.springframework.boot.test.context.filter.ExcludeFilterContextCustomizer@4196c360, org.springframework.boot.test.json.DuplicateJsonObjectContextCustomizerFactory$DuplicateJsonObjectContextCustomizer@20435c40, org.springframework.boot.test.mock.mockito.MockitoContextCustomizer@0, org.springframework.boot.test.web.client.TestRestTemplateContextCustomizer@59cba5a, org.springframework.boot.test.autoconfigure.actuate.metrics.MetricsExportContextCustomizerFactory$DisableMetricExportContextCustomizer@1ab06251, org.springframework.boot.test.autoconfigure.properties.PropertyMappingContextCustomizer@0, org.springframework.boot.test.autoconfigure.web.servlet.WebDriverContextCustomizerFactory$Customizer@3688eb5b, org.springframework.boot.test.context.SpringBootTestArgs@1, org.springframework.boot.test.context.SpringBootTestWebEnvironment@1bb5a082], resourceBasePath = 'src/main/webapp', contextLoader = 'org.springframework.boot.test.context.SpringBootContextLoader', parent = [null]], attributes = map['org.springframework.test.context.web.ServletTestExecutionListener.activateListener' -> true]], class annotated with @DirtiesContext [false] with mode [null].

  .   ____          _            __ _ _
 /\\ / ___'_ __ _ _(_)_ __  __ _ \ \ \ \
( ( )\___ | '_ | '_| | '_ \/ _` | \ \ \ \
 \\/  ___)| |_)| | | | | || (_| |  ) ) ) )
  '  |____| .__|_| |_|_| |_\__, | / / / /
 =========|_|==============|___/=/_/_/_/
 :: Spring Boot ::               (v2.6.13)

2024-07-03 15:25:33.528  INFO 24644 --- [           main] c.c.Java8StarwarsApiApplicationTests     : Starting Java8StarwarsApiApplicationTests using Java 11.0.22 on AgustinPC with PID 24644 (started by Agustin in C:\Users\Agustin\Desktop\challenge\SWAPI-ConexaChallenge)
2024-07-03 15:25:33.529  INFO 24644 --- [           main] c.c.Java8StarwarsApiApplicationTests     : No active profile set, falling back to 1 default profile: "default"
2024-07-03 15:25:34.167  INFO 24644 --- [           main] .s.d.r.c.RepositoryConfigurationDelegate : Bootstrapping Spring Data JPA repositories in DEFAULT mode.
2024-07-03 15:25:34.184  INFO 24644 --- [           main] .s.d.r.c.RepositoryConfigurationDelegate : Finished Spring Data repository scanning in 10 ms. Found 0 JPA repository interfaces.
2024-07-03 15:25:34.845  INFO 24644 --- [           main] com.zaxxer.hikari.HikariDataSource       : HikariPool-1 - Starting...
2024-07-03 15:25:35.032  INFO 24644 --- [           main] com.zaxxer.hikari.HikariDataSource       : HikariPool-1 - Start completed.
2024-07-03 15:25:35.119  INFO 24644 --- [           main] o.hibernate.jpa.internal.util.LogHelper  : HHH000204: Processing PersistenceUnitInfo [name: default]
2024-07-03 15:25:35.177  INFO 24644 --- [           main] org.hibernate.Version                    : HHH000412: Hibernate ORM core version 5.6.12.Final
2024-07-03 15:25:35.348  INFO 24644 --- [           main] o.hibernate.annotations.common.Version   : HCANN000001: Hibernate Commons Annotations {5.1.2.Final}
2024-07-03 15:25:35.498  INFO 24644 --- [           main] org.hibernate.dialect.Dialect            : HHH000400: Using dialect: org.hibernate.dialect.H2Dialect
2024-07-03 15:25:35.737  INFO 24644 --- [           main] o.h.e.t.j.p.i.JtaPlatformInitiator       : HHH000490: Using JtaPlatform implementation: [org.hibernate.engine.transaction.jta.platform.internal.NoJtaPlatform]
2024-07-03 15:25:35.746  INFO 24644 --- [           main] j.LocalContainerEntityManagerFactoryBean : Initialized JPA EntityManagerFactory for persistence unit 'default'
2024-07-03 15:25:35.872  WARN 24644 --- [           main] JpaBaseConfiguration$JpaWebConfiguration : spring.jpa.open-in-view is enabled by default. Therefore, database queries may be performed during view rendering. Explicitly configure spring.jpa.open-in-view to disable this warning
2024-07-03 15:25:35.917  WARN 24644 --- [           main] .s.s.UserDetailsServiceAutoConfiguration : 

Using generated security password: 96629df3-44c8-464e-a2e2-826dbbd54d67

This generated password is for development use only. Your security configuration must be updated before running your application in production.

2024-07-03 15:25:36.058  INFO 24644 --- [           main] o.s.s.web.DefaultSecurityFilterChain     : Will secure any request with [org.springframework.security.web.context.request.async.WebAsyncManagerIntegrationFilter@6dd38df2, org.springframework.security.web.context.SecurityContextPersistenceFilter@51508029, org.springframework.security.web.header.HeaderWriterFilter@23d0944b, org.springframework.security.web.authentication.logout.LogoutFilter@4db46344, conexa.challenge.security.JWTAuthorizationFilter@99c3cee, org.springframework.security.web.savedrequest.RequestCacheAwareFilter@79295932, org.springframework.security.web.servletapi.SecurityContextHolderAwareRequestFilter@762da62b, org.springframework.security.web.authentication.AnonymousAuthenticationFilter@57b711b6, org.springframework.security.web.session.SessionManagementFilter@55b62db8, org.springframework.security.web.access.ExceptionTranslationFilter@bfd97fb, org.springframework.security.web.access.intercept.FilterSecurityInterceptor@6cc56b32]
2024-07-03 15:25:36.687  INFO 24644 --- [           main] c.c.Java8StarwarsApiApplicationTests     : Started Java8StarwarsApiApplicationTests in 3.438 seconds (JVM running for 4.247)
]]></system-out>
  </testcase>
</testsuite>